{"/Users/kaywalker/AndroidStudioProjects/mindlog/functions/src/index.ts": {"path":"/Users/kaywalker/AndroidStudioProjects/mindlog/functions/src/index.ts","statementMap":{"0":{"start":{"line":15,"column":0},"end":{"line":15,"column":40}},"1":{"start":{"line":18,"column":0},"end":{"line":18,"column":22}},"2":{"start":{"line":21,"column":0},"end":{"line":21,"column":9}},"3":{"start":{"line":21,"column":9},"end":{"line":21,"column":70}},"4":{"start":{"line":24,"column":0},"end":{"line":24,"column":null}},"5":{"start":{"line":25,"column":2},"end":{"line":25,"column":null}},"6":{"start":{"line":26,"column":2},"end":{"line":26,"column":null}},"7":{"start":{"line":27,"column":2},"end":{"line":27,"column":null}}},"fnMap":{"0":{"name":"(anonymous_9)","decl":{"start":{"line":21,"column":9},"end":{"line":21,"column":38}},"loc":{"start":{"line":21,"column":9},"end":{"line":21,"column":70}}},"1":{"name":"(anonymous_10)","decl":{"start":{"line":25,"column":2},"end":{"line":25,"column":26}},"loc":{"start":{"line":25,"column":2},"end":{"line":25,"column":null}}},"2":{"name":"(anonymous_11)","decl":{"start":{"line":26,"column":2},"end":{"line":26,"column":20}},"loc":{"start":{"line":26,"column":2},"end":{"line":26,"column":null}}},"3":{"name":"(anonymous_12)","decl":{"start":{"line":27,"column":2},"end":{"line":27,"column":19}},"loc":{"start":{"line":27,"column":2},"end":{"line":27,"column":null}}}},"branchMap":{},"s":{"0":0,"1":0,"2":0,"3":0,"4":0,"5":0,"6":0,"7":0},"f":{"0":0,"1":0,"2":0,"3":0},"b":{}}
,"/Users/kaywalker/AndroidStudioProjects/mindlog/functions/src/config/constants.ts": {"path":"/Users/kaywalker/AndroidStudioProjects/mindlog/functions/src/config/constants.ts","statementMap":{"0":{"start":{"line":10,"column":13},"end":{"line":10,"column":49}},"1":{"start":{"line":13,"column":13},"end":{"line":13,"column":37}},"2":{"start":{"line":16,"column":13},"end":{"line":16,"column":53}},"3":{"start":{"line":19,"column":13},"end":{"line":24,"column":11}},"4":{"start":{"line":27,"column":13},"end":{"line":33,"column":11}},"5":{"start":{"line":36,"column":13},"end":{"line":39,"column":11}},"6":{"start":{"line":42,"column":13},"end":{"line":51,"column":11}},"7":{"start":{"line":54,"column":13},"end":{"line":60,"column":11}},"8":{"start":{"line":63,"column":13},"end":{"line":63,"column":57}}},"fnMap":{},"branchMap":{},"s":{"0":1,"1":1,"2":1,"3":1,"4":1,"5":1,"6":1,"7":1,"8":1},"f":{},"b":{}}
,"/Users/kaywalker/AndroidStudioProjects/mindlog/functions/src/functions/http.ts": {"path":"/Users/kaywalker/AndroidStudioProjects/mindlog/functions/src/functions/http.ts","statementMap":{"0":{"start":{"line":12,"column":0},"end":{"line":12,"column":56}},"1":{"start":{"line":13,"column":0},"end":{"line":13,"column":52}},"2":{"start":{"line":14,"column":0},"end":{"line":14,"column":62}},"3":{"start":{"line":15,"column":0},"end":{"line":15,"column":null}},"4":{"start":{"line":33,"column":13},"end":{"line":116,"column":2}},"5":{"start":{"line":40,"column":4},"end":{"line":47,"column":5}},"6":{"start":{"line":41,"column":6},"end":{"line":45,"column":24}},"7":{"start":{"line":46,"column":6},"end":{"line":46,"column":13}},"8":{"start":{"line":49,"column":18},"end":{"line":49,"column":31}},"9":{"start":{"line":50,"column":4},"end":{"line":50,"column":73}},"10":{"start":{"line":52,"column":4},"end":{"line":114,"column":5}},"11":{"start":{"line":57,"column":6},"end":{"line":72,"column":7}},"12":{"start":{"line":58,"column":8},"end":{"line":58,"column":31}},"13":{"start":{"line":59,"column":8},"end":{"line":59,"column":29}},"14":{"start":{"line":61,"column":24},"end":{"line":61,"column":47}},"15":{"start":{"line":62,"column":8},"end":{"line":69,"column":9}},"16":{"start":{"line":63,"column":10},"end":{"line":67,"column":28}},"17":{"start":{"line":68,"column":10},"end":{"line":68,"column":17}},"18":{"start":{"line":70,"column":8},"end":{"line":70,"column":30}},"19":{"start":{"line":71,"column":8},"end":{"line":71,"column":28}},"20":{"start":{"line":75,"column":21},"end":{"line":82,"column":8}},"21":{"start":{"line":84,"column":6},"end":{"line":104,"column":7}},"22":{"start":{"line":86,"column":8},"end":{"line":86,"column":60}},"23":{"start":{"line":88,"column":8},"end":{"line":97,"column":26}},"24":{"start":{"line":99,"column":8},"end":{"line":103,"column":26}},"25":{"start":{"line":106,"column":27},"end":{"line":106,"column":83}},"26":{"start":{"line":107,"column":6},"end":{"line":107,"column":66}},"27":{"start":{"line":109,"column":6},"end":{"line":113,"column":24}},"28":{"start":{"line":124,"column":13},"end":{"line":175,"column":2}},"29":{"start":{"line":130,"column":4},"end":{"line":137,"column":5}},"30":{"start":{"line":131,"column":6},"end":{"line":135,"column":24}},"31":{"start":{"line":136,"column":6},"end":{"line":136,"column":13}},"32":{"start":{"line":139,"column":61},"end":{"line":139,"column":69}},"33":{"start":{"line":141,"column":4},"end":{"line":148,"column":5}},"34":{"start":{"line":142,"column":6},"end":{"line":146,"column":24}},"35":{"start":{"line":147,"column":6},"end":{"line":147,"column":13}},"36":{"start":{"line":150,"column":4},"end":{"line":173,"column":5}},"37":{"start":{"line":151,"column":24},"end":{"line":155,"column":8}},"38":{"start":{"line":157,"column":6},"end":{"line":157,"column":64}},"39":{"start":{"line":159,"column":6},"end":{"line":163,"column":24}},"40":{"start":{"line":165,"column":27},"end":{"line":165,"column":83}},"41":{"start":{"line":166,"column":6},"end":{"line":166,"column":73}},"42":{"start":{"line":168,"column":6},"end":{"line":172,"column":24}},"43":{"start":{"line":182,"column":13},"end":{"line":222,"column":2}},"44":{"start":{"line":188,"column":4},"end":{"line":195,"column":5}},"45":{"start":{"line":189,"column":6},"end":{"line":193,"column":24}},"46":{"start":{"line":194,"column":6},"end":{"line":194,"column":13}},"47":{"start":{"line":197,"column":4},"end":{"line":220,"column":5}},"48":{"start":{"line":198,"column":20},"end":{"line":198,"column":33}},"49":{"start":{"line":199,"column":24},"end":{"line":199,"column":48}},"50":{"start":{"line":200,"column":20},"end":{"line":200,"column":36}},"51":{"start":{"line":202,"column":6},"end":{"line":210,"column":24}},"52":{"start":{"line":212,"column":27},"end":{"line":212,"column":83}},"53":{"start":{"line":213,"column":6},"end":{"line":213,"column":72}},"54":{"start":{"line":215,"column":6},"end":{"line":219,"column":24}}},"fnMap":{"0":{"name":"(anonymous_9)","decl":{"start":{"line":38,"column":2},"end":{"line":38,"column":7}},"loc":{"start":{"line":38,"column":21},"end":{"line":115,"column":3}}},"1":{"name":"(anonymous_10)","decl":{"start":{"line":129,"column":2},"end":{"line":129,"column":7}},"loc":{"start":{"line":129,"column":21},"end":{"line":174,"column":3}}},"2":{"name":"(anonymous_11)","decl":{"start":{"line":187,"column":2},"end":{"line":187,"column":7}},"loc":{"start":{"line":187,"column":21},"end":{"line":221,"column":3}}}},"branchMap":{"0":{"loc":{"start":{"line":40,"column":4},"end":{"line":47,"column":5}},"type":"if","locations":[{"start":{"line":40,"column":4},"end":{"line":47,"column":5}}]},"1":{"loc":{"start":{"line":57,"column":6},"end":{"line":72,"column":7}},"type":"if","locations":[{"start":{"line":57,"column":6},"end":{"line":72,"column":7}},{"start":{"line":60,"column":13},"end":{"line":72,"column":7}}]},"2":{"loc":{"start":{"line":57,"column":10},"end":{"line":57,"column":43}},"type":"binary-expr","locations":[{"start":{"line":57,"column":10},"end":{"line":57,"column":25}},{"start":{"line":57,"column":29},"end":{"line":57,"column":43}}]},"3":{"loc":{"start":{"line":62,"column":8},"end":{"line":69,"column":9}},"type":"if","locations":[{"start":{"line":62,"column":8},"end":{"line":69,"column":9}}]},"4":{"loc":{"start":{"line":84,"column":6},"end":{"line":104,"column":7}},"type":"if","locations":[{"start":{"line":84,"column":6},"end":{"line":104,"column":7}},{"start":{"line":98,"column":13},"end":{"line":104,"column":7}}]},"5":{"loc":{"start":{"line":84,"column":10},"end":{"line":84,"column":44}},"type":"binary-expr","locations":[{"start":{"line":84,"column":10},"end":{"line":84,"column":24}},{"start":{"line":84,"column":28},"end":{"line":84,"column":44}}]},"6":{"loc":{"start":{"line":106,"column":27},"end":{"line":106,"column":83}},"type":"cond-expr","locations":[{"start":{"line":106,"column":52},"end":{"line":106,"column":65}},{"start":{"line":106,"column":68},"end":{"line":106,"column":83}}]},"7":{"loc":{"start":{"line":130,"column":4},"end":{"line":137,"column":5}},"type":"if","locations":[{"start":{"line":130,"column":4},"end":{"line":137,"column":5}}]},"8":{"loc":{"start":{"line":141,"column":4},"end":{"line":148,"column":5}},"type":"if","locations":[{"start":{"line":141,"column":4},"end":{"line":148,"column":5}}]},"9":{"loc":{"start":{"line":141,"column":8},"end":{"line":141,"column":23}},"type":"binary-expr","locations":[{"start":{"line":141,"column":8},"end":{"line":141,"column":14}},{"start":{"line":141,"column":18},"end":{"line":141,"column":23}}]},"10":{"loc":{"start":{"line":153,"column":21},"end":{"line":153,"column":68}},"type":"cond-expr","locations":[{"start":{"line":153,"column":35},"end":{"line":153,"column":56}},{"start":{"line":153,"column":59},"end":{"line":153,"column":68}}]},"11":{"loc":{"start":{"line":165,"column":27},"end":{"line":165,"column":83}},"type":"cond-expr","locations":[{"start":{"line":165,"column":52},"end":{"line":165,"column":65}},{"start":{"line":165,"column":68},"end":{"line":165,"column":83}}]},"12":{"loc":{"start":{"line":188,"column":4},"end":{"line":195,"column":5}},"type":"if","locations":[{"start":{"line":188,"column":4},"end":{"line":195,"column":5}}]},"13":{"loc":{"start":{"line":207,"column":17},"end":{"line":207,"column":77}},"type":"binary-expr","locations":[{"start":{"line":207,"column":17},"end":{"line":207,"column":22}},{"start":{"line":207,"column":26},"end":{"line":207,"column":77}}]},"14":{"loc":{"start":{"line":212,"column":27},"end":{"line":212,"column":83}},"type":"cond-expr","locations":[{"start":{"line":212,"column":52},"end":{"line":212,"column":65}},{"start":{"line":212,"column":68},"end":{"line":212,"column":83}}]}},"s":{"0":0,"1":0,"2":0,"3":0,"4":0,"5":0,"6":0,"7":0,"8":0,"9":0,"10":0,"11":0,"12":0,"13":0,"14":0,"15":0,"16":0,"17":0,"18":0,"19":0,"20":0,"21":0,"22":0,"23":0,"24":0,"25":0,"26":0,"27":0,"28":0,"29":0,"30":0,"31":0,"32":0,"33":0,"34":0,"35":0,"36":0,"37":0,"38":0,"39":0,"40":0,"41":0,"42":0,"43":0,"44":0,"45":0,"46":0,"47":0,"48":0,"49":0,"50":0,"51":0,"52":0,"53":0,"54":0},"f":{"0":0,"1":0,"2":0},"b":{"0":[0],"1":[0,0],"2":[0,0],"3":[0],"4":[0,0],"5":[0,0],"6":[0,0],"7":[0],"8":[0],"9":[0,0],"10":[0,0],"11":[0,0],"12":[0],"13":[0,0],"14":[0,0]}}
,"/Users/kaywalker/AndroidStudioProjects/mindlog/functions/src/functions/scheduled.ts": {"path":"/Users/kaywalker/AndroidStudioProjects/mindlog/functions/src/functions/scheduled.ts","statementMap":{"0":{"start":{"line":12,"column":0},"end":{"line":12,"column":77}},"1":{"start":{"line":13,"column":0},"end":{"line":13,"column":52}},"2":{"start":{"line":14,"column":0},"end":{"line":14,"column":64}},"3":{"start":{"line":15,"column":0},"end":{"line":15,"column":62}},"4":{"start":{"line":16,"column":0},"end":{"line":16,"column":null}},"5":{"start":{"line":30,"column":13},"end":{"line":83,"column":2}},"6":{"start":{"line":39,"column":18},"end":{"line":39,"column":31}},"7":{"start":{"line":40,"column":4},"end":{"line":40,"column":79}},"8":{"start":{"line":43,"column":24},"end":{"line":43,"column":48}},"9":{"start":{"line":44,"column":4},"end":{"line":47,"column":5}},"10":{"start":{"line":45,"column":6},"end":{"line":45,"column":73}},"11":{"start":{"line":46,"column":6},"end":{"line":46,"column":13}},"12":{"start":{"line":50,"column":20},"end":{"line":50,"column":43}},"13":{"start":{"line":51,"column":4},"end":{"line":54,"column":5}},"14":{"start":{"line":52,"column":6},"end":{"line":52,"column":65}},"15":{"start":{"line":53,"column":6},"end":{"line":53,"column":13}},"16":{"start":{"line":57,"column":19},"end":{"line":64,"column":6}},"17":{"start":{"line":67,"column":4},"end":{"line":81,"column":5}},"18":{"start":{"line":68,"column":6},"end":{"line":68,"column":50}},"19":{"start":{"line":69,"column":6},"end":{"line":73,"column":9}},"20":{"start":{"line":75,"column":6},"end":{"line":78,"column":9}},"21":{"start":{"line":80,"column":6},"end":{"line":80,"column":58}}},"fnMap":{"0":{"name":"(anonymous_9)","decl":{"start":{"line":38,"column":2},"end":{"line":38,"column":7}},"loc":{"start":{"line":38,"column":35},"end":{"line":82,"column":3}}}},"branchMap":{"0":{"loc":{"start":{"line":44,"column":4},"end":{"line":47,"column":5}},"type":"if","locations":[{"start":{"line":44,"column":4},"end":{"line":47,"column":5}}]},"1":{"loc":{"start":{"line":51,"column":4},"end":{"line":54,"column":5}},"type":"if","locations":[{"start":{"line":51,"column":4},"end":{"line":54,"column":5}}]},"2":{"loc":{"start":{"line":67,"column":4},"end":{"line":81,"column":5}},"type":"if","locations":[{"start":{"line":67,"column":4},"end":{"line":81,"column":5}},{"start":{"line":74,"column":11},"end":{"line":81,"column":5}}]},"3":{"loc":{"start":{"line":67,"column":8},"end":{"line":67,"column":42}},"type":"binary-expr","locations":[{"start":{"line":67,"column":8},"end":{"line":67,"column":22}},{"start":{"line":67,"column":26},"end":{"line":67,"column":42}}]}},"s":{"0":0,"1":0,"2":0,"3":0,"4":0,"5":0,"6":0,"7":0,"8":0,"9":0,"10":0,"11":0,"12":0,"13":0,"14":0,"15":0,"16":0,"17":0,"18":0,"19":0,"20":0,"21":0},"f":{"0":0},"b":{"0":[0],"1":[0],"2":[0,0],"3":[0,0]}}
,"/Users/kaywalker/AndroidStudioProjects/mindlog/functions/src/services/fcm.service.ts": {"path":"/Users/kaywalker/AndroidStudioProjects/mindlog/functions/src/services/fcm.service.ts","statementMap":{"0":{"start":{"line":21,"column":0},"end":{"line":21,"column":7}},"1":{"start":{"line":88,"column":0},"end":{"line":88,"column":7}},"2":{"start":{"line":10,"column":0},"end":{"line":10,"column":40}},"3":{"start":{"line":11,"column":0},"end":{"line":11,"column":52}},"4":{"start":{"line":12,"column":0},"end":{"line":12,"column":73}},"5":{"start":{"line":24,"column":43},"end":{"line":56,"column":4}},"6":{"start":{"line":58,"column":2},"end":{"line":78,"column":3}},"7":{"start":{"line":59,"column":22},"end":{"line":59,"column":59}},"8":{"start":{"line":61,"column":4},"end":{"line":65,"column":7}},"9":{"start":{"line":67,"column":4},"end":{"line":67,"column":40}},"10":{"start":{"line":69,"column":25},"end":{"line":69,"column":81}},"11":{"start":{"line":71,"column":4},"end":{"line":75,"column":7}},"12":{"start":{"line":77,"column":4},"end":{"line":77,"column":51}},"13":{"start":{"line":92,"column":43},"end":{"line":99,"column":4}},"14":{"start":{"line":101,"column":2},"end":{"line":107,"column":3}},"15":{"start":{"line":102,"column":22},"end":{"line":102,"column":59}},"16":{"start":{"line":103,"column":4},"end":{"line":103,"column":40}},"17":{"start":{"line":105,"column":25},"end":{"line":105,"column":81}},"18":{"start":{"line":106,"column":4},"end":{"line":106,"column":51}}},"fnMap":{"0":{"name":"sendToMindcareTopic","decl":{"start":{"line":21,"column":22},"end":{"line":21,"column":41}},"loc":{"start":{"line":22,"column":26},"end":{"line":79,"column":1}}},"1":{"name":"sendToTopic","decl":{"start":{"line":88,"column":22},"end":{"line":88,"column":33}},"loc":{"start":{"line":90,"column":26},"end":{"line":108,"column":1}}}},"branchMap":{"0":{"loc":{"start":{"line":69,"column":25},"end":{"line":69,"column":81}},"type":"cond-expr","locations":[{"start":{"line":69,"column":50},"end":{"line":69,"column":63}},{"start":{"line":69,"column":66},"end":{"line":69,"column":81}}]},"1":{"loc":{"start":{"line":105,"column":25},"end":{"line":105,"column":81}},"type":"cond-expr","locations":[{"start":{"line":105,"column":50},"end":{"line":105,"column":63}},{"start":{"line":105,"column":66},"end":{"line":105,"column":81}}]}},"s":{"0":0,"1":0,"2":0,"3":0,"4":0,"5":0,"6":0,"7":0,"8":0,"9":0,"10":0,"11":0,"12":0,"13":0,"14":0,"15":0,"16":0,"17":0,"18":0},"f":{"0":0,"1":0},"b":{"0":[0,0],"1":[0,0]}}
,"/Users/kaywalker/AndroidStudioProjects/mindlog/functions/src/services/firestore.service.ts": {"path":"/Users/kaywalker/AndroidStudioProjects/mindlog/functions/src/services/firestore.service.ts","statementMap":{"0":{"start":{"line":37,"column":0},"end":{"line":37,"column":16}},"1":{"start":{"line":67,"column":0},"end":{"line":67,"column":7}},"2":{"start":{"line":85,"column":0},"end":{"line":85,"column":7}},"3":{"start":{"line":117,"column":0},"end":{"line":117,"column":7}},"4":{"start":{"line":216,"column":0},"end":{"line":216,"column":7}},"5":{"start":{"line":244,"column":0},"end":{"line":244,"column":7}},"6":{"start":{"line":8,"column":0},"end":{"line":8,"column":40}},"7":{"start":{"line":9,"column":0},"end":{"line":9,"column":52}},"8":{"start":{"line":10,"column":0},"end":{"line":10,"column":null}},"9":{"start":{"line":18,"column":11},"end":{"line":18,"column":28}},"10":{"start":{"line":25,"column":20},"end":{"line":29,"column":4}},"11":{"start":{"line":30,"column":2},"end":{"line":30,"column":52}},"12":{"start":{"line":38,"column":20},"end":{"line":40,"column":4}},"13":{"start":{"line":41,"column":2},"end":{"line":41,"column":38}},"14":{"start":{"line":51,"column":15},"end":{"line":51,"column":27}},"15":{"start":{"line":54,"column":19},"end":{"line":56,"column":30}},"16":{"start":{"line":58,"column":22},"end":{"line":58,"column":65}},"17":{"start":{"line":59,"column":2},"end":{"line":59,"column":82}},"18":{"start":{"line":68,"column":16},"end":{"line":68,"column":29}},"19":{"start":{"line":70,"column":2},"end":{"line":76,"column":3}},"20":{"start":{"line":71,"column":16},"end":{"line":71,"column":74}},"21":{"start":{"line":72,"column":4},"end":{"line":72,"column":22}},"22":{"start":{"line":74,"column":4},"end":{"line":74,"column":74}},"23":{"start":{"line":75,"column":4},"end":{"line":75,"column":17}},"24":{"start":{"line":89,"column":16},"end":{"line":89,"column":29}},"25":{"start":{"line":91,"column":2},"end":{"line":106,"column":3}},"26":{"start":{"line":92,"column":4},"end":{"line":97,"column":7}},"27":{"start":{"line":100,"column":4},"end":{"line":100,"column":29}},"28":{"start":{"line":102,"column":4},"end":{"line":102,"column":68}},"29":{"start":{"line":104,"column":4},"end":{"line":104,"column":73}},"30":{"start":{"line":105,"column":4},"end":{"line":105,"column":16}},"31":{"start":{"line":118,"column":2},"end":{"line":173,"column":3}},"32":{"start":{"line":120,"column":18},"end":{"line":120,"column":28}},"33":{"start":{"line":121,"column":4},"end":{"line":121,"column":31}},"34":{"start":{"line":122,"column":21},"end":{"line":122,"column":36}},"35":{"start":{"line":123,"column":4},"end":{"line":123,"column":45}},"36":{"start":{"line":125,"column":27},"end":{"line":131,"column":12}},"37":{"start":{"line":133,"column":4},"end":{"line":144,"column":5}},"38":{"start":{"line":134,"column":18},"end":{"line":134,"column":40}},"39":{"start":{"line":135,"column":22},"end":{"line":135,"column":51}},"40":{"start":{"line":138,"column":6},"end":{"line":141,"column":9}},"41":{"start":{"line":143,"column":6},"end":{"line":143,"column":58}},"42":{"start":{"line":147,"column":25},"end":{"line":152,"column":12}},"43":{"start":{"line":154,"column":4},"end":{"line":164,"column":5}},"44":{"start":{"line":155,"column":18},"end":{"line":155,"column":38}},"45":{"start":{"line":156,"column":22},"end":{"line":156,"column":51}},"46":{"start":{"line":158,"column":6},"end":{"line":161,"column":9}},"47":{"start":{"line":163,"column":6},"end":{"line":163,"column":58}},"48":{"start":{"line":167,"column":4},"end":{"line":167,"column":42}},"49":{"start":{"line":169,"column":4},"end":{"line":169,"column":71}},"50":{"start":{"line":172,"column":4},"end":{"line":172,"column":42}},"51":{"start":{"line":180,"column":19},"end":{"line":180,"column":65}},"52":{"start":{"line":182,"column":2},"end":{"line":210,"column":3}},"53":{"start":{"line":183,"column":4},"end":{"line":206,"column":7}},"54":{"start":{"line":184,"column":18},"end":{"line":184,"column":49}},"55":{"start":{"line":186,"column":6},"end":{"line":205,"column":7}},"56":{"start":{"line":188,"column":40},"end":{"line":192,"column":10}},"57":{"start":{"line":193,"column":8},"end":{"line":193,"column":44}},"58":{"start":{"line":196,"column":21},"end":{"line":196,"column":48}},"59":{"start":{"line":197,"column":28},"end":{"line":197,"column":50}},"60":{"start":{"line":198,"column":8},"end":{"line":198,"column":65}},"61":{"start":{"line":200,"column":8},"end":{"line":204,"column":11}},"62":{"start":{"line":208,"column":4},"end":{"line":208,"column":65}},"63":{"start":{"line":225,"column":17},"end":{"line":236,"column":4}},"64":{"start":{"line":238,"column":2},"end":{"line":238,"column":19}},"65":{"start":{"line":245,"column":2},"end":{"line":251,"column":3}},"66":{"start":{"line":246,"column":16},"end":{"line":246,"column":74}},"67":{"start":{"line":247,"column":4},"end":{"line":247,"column":61}},"68":{"start":{"line":249,"column":4},"end":{"line":249,"column":63}},"69":{"start":{"line":250,"column":4},"end":{"line":250,"column":16}}},"fnMap":{"0":{"name":"getKSTHour","decl":{"start":{"line":24,"column":9},"end":{"line":24,"column":19}},"loc":{"start":{"line":24,"column":19},"end":{"line":31,"column":1}}},"1":{"name":"getTodayKey","decl":{"start":{"line":37,"column":16},"end":{"line":37,"column":27}},"loc":{"start":{"line":37,"column":27},"end":{"line":42,"column":1}}},"2":{"name":"getDefaultMessageByTimeOfDay","decl":{"start":{"line":50,"column":9},"end":{"line":50,"column":37}},"loc":{"start":{"line":50,"column":37},"end":{"line":60,"column":1}}},"3":{"name":"checkIfSentToday","decl":{"start":{"line":67,"column":22},"end":{"line":67,"column":38}},"loc":{"start":{"line":67,"column":38},"end":{"line":77,"column":1}}},"4":{"name":"markAsSent","decl":{"start":{"line":85,"column":22},"end":{"line":85,"column":32}},"loc":{"start":{"line":87,"column":49},"end":{"line":107,"column":1}}},"5":{"name":"getTodayMessage","decl":{"start":{"line":117,"column":22},"end":{"line":117,"column":37}},"loc":{"start":{"line":117,"column":37},"end":{"line":174,"column":1}}},"6":{"name":"updateStats","decl":{"start":{"line":179,"column":15},"end":{"line":179,"column":26}},"loc":{"start":{"line":179,"column":43},"end":{"line":211,"column":1}}},"7":{"name":"(anonymous_16)","decl":{"start":{"line":183,"column":28},"end":{"line":183,"column":33}},"loc":{"start":{"line":183,"column":50},"end":{"line":206,"column":5}}},"8":{"name":"addMessage","decl":{"start":{"line":216,"column":22},"end":{"line":216,"column":32}},"loc":{"start":{"line":223,"column":3},"end":{"line":239,"column":1}}},"9":{"name":"getStats","decl":{"start":{"line":244,"column":22},"end":{"line":244,"column":30}},"loc":{"start":{"line":244,"column":30},"end":{"line":252,"column":1}}}},"branchMap":{"0":{"loc":{"start":{"line":54,"column":19},"end":{"line":56,"column":30}},"type":"cond-expr","locations":[{"start":{"line":55,"column":6},"end":{"line":55,"column":30}},{"start":{"line":56,"column":6},"end":{"line":56,"column":30}}]},"1":{"loc":{"start":{"line":54,"column":20},"end":{"line":54,"column":42}},"type":"binary-expr","locations":[{"start":{"line":54,"column":20},"end":{"line":54,"column":29}},{"start":{"line":54,"column":33},"end":{"line":54,"column":42}}]},"2":{"loc":{"start":{"line":133,"column":4},"end":{"line":144,"column":5}},"type":"if","locations":[{"start":{"line":133,"column":4},"end":{"line":144,"column":5}}]},"3":{"loc":{"start":{"line":154,"column":4},"end":{"line":164,"column":5}},"type":"if","locations":[{"start":{"line":154,"column":4},"end":{"line":164,"column":5}}]},"4":{"loc":{"start":{"line":186,"column":6},"end":{"line":205,"column":7}},"type":"if","locations":[{"start":{"line":186,"column":6},"end":{"line":205,"column":7}},{"start":{"line":194,"column":13},"end":{"line":205,"column":7}}]},"5":{"loc":{"start":{"line":197,"column":28},"end":{"line":197,"column":50}},"type":"binary-expr","locations":[{"start":{"line":197,"column":28},"end":{"line":197,"column":44}},{"start":{"line":197,"column":48},"end":{"line":197,"column":50}}]},"6":{"loc":{"start":{"line":198,"column":33},"end":{"line":198,"column":59}},"type":"binary-expr","locations":[{"start":{"line":198,"column":33},"end":{"line":198,"column":54}},{"start":{"line":198,"column":58},"end":{"line":198,"column":59}}]},"7":{"loc":{"start":{"line":228,"column":14},"end":{"line":228,"column":42}},"type":"binary-expr","locations":[{"start":{"line":228,"column":14},"end":{"line":228,"column":31}},{"start":{"line":228,"column":35},"end":{"line":228,"column":42}}]},"8":{"loc":{"start":{"line":229,"column":17},"end":{"line":231,"column":12}},"type":"cond-expr","locations":[{"start":{"line":230,"column":8},"end":{"line":230,"column":63}},{"start":{"line":231,"column":8},"end":{"line":231,"column":12}}]},"9":{"loc":{"start":{"line":234,"column":14},"end":{"line":234,"column":43}},"type":"binary-expr","locations":[{"start":{"line":234,"column":14},"end":{"line":234,"column":31}},{"start":{"line":234,"column":35},"end":{"line":234,"column":43}}]},"10":{"loc":{"start":{"line":247,"column":11},"end":{"line":247,"column":60}},"type":"cond-expr","locations":[{"start":{"line":247,"column":25},"end":{"line":247,"column":53}},{"start":{"line":247,"column":56},"end":{"line":247,"column":60}}]}},"s":{"0":1,"1":1,"2":1,"3":1,"4":1,"5":1,"6":1,"7":1,"8":1,"9":1,"10":0,"11":0,"12":3,"13":3,"14":0,"15":0,"16":0,"17":0,"18":0,"19":0,"20":0,"21":0,"22":0,"23":0,"24":0,"25":0,"26":0,"27":0,"28":0,"29":0,"30":0,"31":0,"32":0,"33":0,"34":0,"35":0,"36":0,"37":0,"38":0,"39":0,"40":0,"41":0,"42":0,"43":0,"44":0,"45":0,"46":0,"47":0,"48":0,"49":0,"50":0,"51":0,"52":0,"53":0,"54":0,"55":0,"56":0,"57":0,"58":0,"59":0,"60":0,"61":0,"62":0,"63":0,"64":0,"65":0,"66":0,"67":0,"68":0,"69":0},"f":{"0":0,"1":3,"2":0,"3":0,"4":0,"5":0,"6":0,"7":0,"8":0,"9":0},"b":{"0":[0,0],"1":[0,0],"2":[0],"3":[0],"4":[0,0],"5":[0,0],"6":[0,0],"7":[0,0],"8":[0,0],"9":[0,0],"10":[0,0]}}
}
