TN:
SF:src/index.ts
FN:21,(anonymous_9)
FN:25,(anonymous_10)
FN:26,(anonymous_11)
FN:27,(anonymous_12)
FNF:4
FNH:0
FNDA:0,(anonymous_9)
FNDA:0,(anonymous_10)
FNDA:0,(anonymous_11)
FNDA:0,(anonymous_12)
DA:15,0
DA:18,0
DA:21,0
DA:24,0
DA:25,0
DA:26,0
DA:27,0
LF:7
LH:0
BRF:0
BRH:0
end_of_record
TN:
SF:src/config/constants.ts
FNF:0
FNH:0
DA:10,1
DA:13,1
DA:16,1
DA:19,1
DA:27,1
DA:36,1
DA:42,1
DA:54,1
DA:63,1
LF:9
LH:9
BRF:0
BRH:0
end_of_record
TN:
SF:src/functions/http.ts
FN:38,(anonymous_9)
FN:129,(anonymous_10)
FN:187,(anonymous_11)
FNF:3
FNH:0
FNDA:0,(anonymous_9)
FNDA:0,(anonymous_10)
FNDA:0,(anonymous_11)
DA:12,0
DA:13,0
DA:14,0
DA:15,0
DA:33,0
DA:40,0
DA:41,0
DA:46,0
DA:49,0
DA:50,0
DA:52,0
DA:57,0
DA:58,0
DA:59,0
DA:61,0
DA:62,0
DA:63,0
DA:68,0
DA:70,0
DA:71,0
DA:75,0
DA:84,0
DA:86,0
DA:88,0
DA:99,0
DA:106,0
DA:107,0
DA:109,0
DA:124,0
DA:130,0
DA:131,0
DA:136,0
DA:139,0
DA:141,0
DA:142,0
DA:147,0
DA:150,0
DA:151,0
DA:157,0
DA:159,0
DA:165,0
DA:166,0
DA:168,0
DA:182,0
DA:188,0
DA:189,0
DA:194,0
DA:197,0
DA:198,0
DA:199,0
DA:200,0
DA:202,0
DA:212,0
DA:213,0
DA:215,0
LF:55
LH:0
BRDA:40,0,0,0
BRDA:57,1,0,0
BRDA:57,1,1,0
BRDA:57,2,0,0
BRDA:57,2,1,0
BRDA:62,3,0,0
BRDA:84,4,0,0
BRDA:84,4,1,0
BRDA:84,5,0,0
BRDA:84,5,1,0
BRDA:106,6,0,0
BRDA:106,6,1,0
BRDA:130,7,0,0
BRDA:141,8,0,0
BRDA:141,9,0,0
BRDA:141,9,1,0
BRDA:153,10,0,0
BRDA:153,10,1,0
BRDA:165,11,0,0
BRDA:165,11,1,0
BRDA:188,12,0,0
BRDA:207,13,0,0
BRDA:207,13,1,0
BRDA:212,14,0,0
BRDA:212,14,1,0
BRF:25
BRH:0
end_of_record
TN:
SF:src/functions/scheduled.ts
FN:38,(anonymous_9)
FNF:1
FNH:0
FNDA:0,(anonymous_9)
DA:12,0
DA:13,0
DA:14,0
DA:15,0
DA:16,0
DA:30,0
DA:39,0
DA:40,0
DA:43,0
DA:44,0
DA:45,0
DA:46,0
DA:50,0
DA:51,0
DA:52,0
DA:53,0
DA:57,0
DA:67,0
DA:68,0
DA:69,0
DA:75,0
DA:80,0
LF:22
LH:0
BRDA:44,0,0,0
BRDA:51,1,0,0
BRDA:67,2,0,0
BRDA:67,2,1,0
BRDA:67,3,0,0
BRDA:67,3,1,0
BRF:6
BRH:0
end_of_record
TN:
SF:src/services/fcm.service.ts
FN:21,sendToMindcareTopic
FN:88,sendToTopic
FNF:2
FNH:0
FNDA:0,sendToMindcareTopic
FNDA:0,sendToTopic
DA:10,0
DA:11,0
DA:12,0
DA:21,0
DA:24,0
DA:58,0
DA:59,0
DA:61,0
DA:67,0
DA:69,0
DA:71,0
DA:77,0
DA:88,0
DA:92,0
DA:101,0
DA:102,0
DA:103,0
DA:105,0
DA:106,0
LF:19
LH:0
BRDA:69,0,0,0
BRDA:69,0,1,0
BRDA:105,1,0,0
BRDA:105,1,1,0
BRF:4
BRH:0
end_of_record
TN:
SF:src/services/firestore.service.ts
FN:24,getKSTHour
FN:37,getTodayKey
FN:50,getDefaultMessageByTimeOfDay
FN:67,checkIfSentToday
FN:85,markAsSent
FN:117,getTodayMessage
FN:179,updateStats
FN:183,(anonymous_16)
FN:216,addMessage
FN:244,getStats
FNF:10
FNH:1
FNDA:0,getKSTHour
FNDA:3,getTodayKey
FNDA:0,getDefaultMessageByTimeOfDay
FNDA:0,checkIfSentToday
FNDA:0,markAsSent
FNDA:0,getTodayMessage
FNDA:0,updateStats
FNDA:0,(anonymous_16)
FNDA:0,addMessage
FNDA:0,getStats
DA:8,1
DA:9,1
DA:10,1
DA:18,1
DA:25,0
DA:30,0
DA:37,1
DA:38,3
DA:41,3
DA:51,0
DA:54,0
DA:58,0
DA:59,0
DA:67,1
DA:68,0
DA:70,0
DA:71,0
DA:72,0
DA:74,0
DA:75,0
DA:85,1
DA:89,0
DA:91,0
DA:92,0
DA:100,0
DA:102,0
DA:104,0
DA:105,0
DA:117,1
DA:118,0
DA:120,0
DA:121,0
DA:122,0
DA:123,0
DA:125,0
DA:133,0
DA:134,0
DA:135,0
DA:138,0
DA:143,0
DA:147,0
DA:154,0
DA:155,0
DA:156,0
DA:158,0
DA:163,0
DA:167,0
DA:169,0
DA:172,0
DA:180,0
DA:182,0
DA:183,0
DA:184,0
DA:186,0
DA:188,0
DA:193,0
DA:196,0
DA:197,0
DA:198,0
DA:200,0
DA:208,0
DA:216,1
DA:225,0
DA:238,0
DA:244,1
DA:245,0
DA:246,0
DA:247,0
DA:249,0
DA:250,0
LF:70
LH:12
BRDA:54,0,0,0
BRDA:54,0,1,0
BRDA:54,1,0,0
BRDA:54,1,1,0
BRDA:133,2,0,0
BRDA:154,3,0,0
BRDA:186,4,0,0
BRDA:186,4,1,0
BRDA:197,5,0,0
BRDA:197,5,1,0
BRDA:198,6,0,0
BRDA:198,6,1,0
BRDA:228,7,0,0
BRDA:228,7,1,0
BRDA:229,8,0,0
BRDA:229,8,1,0
BRDA:234,9,0,0
BRDA:234,9,1,0
BRDA:247,10,0,0
BRDA:247,10,1,0
BRF:20
BRH:0
end_of_record
